[94mIP: ::1[39m > 2024-01-02T03:59:08.781Z [31merror[39m: Error while sign up
 > 2024-01-02T03:59:08.788Z [31merror[39m: this mobile number, email, user name,  are already registered
[94mIP: ::1[39m > 2024-01-02T04:26:15.472Z [31merror[39m: Error while login
 > 2024-01-02T04:26:15.474Z [31merror[39m: User credentials are required
[94mIP: ::1[39m > 2024-01-02T04:26:45.214Z [31merror[39m: Error while login
 > 2024-01-02T04:26:45.216Z [31merror[39m: User credentials are required
[94mIP: ::1[39m > 2024-01-02T04:27:02.570Z [31merror[39m: Error while login
 > 2024-01-02T04:27:02.573Z [31merror[39m: Invalid user credentials
[94mIP: ::1[39m > 2024-01-02T04:27:20.785Z [31merror[39m: Error while login
 > 2024-01-02T04:27:20.787Z [31merror[39m: Invalid user credentials
[94mIP: ::1[39m > 2024-01-02T04:36:30.803Z [31merror[39m: Error while login 
 > 2024-01-02T04:36:30.807Z [31merror[39m: [object Object] 
[94mIP: ::1[39m > 2024-01-02T04:37:30.498Z [31merror[39m: Error while login 
[94mIP: ::1[39m > 2024-01-02T04:38:09.435Z [31merror[39m: Error while login 
[94mIP: ::1[39m > 2024-01-02T04:40:46.186Z [31merror[39m: Error while login 
[94mIP: ::1[39m > 2024-01-02T04:43:08.036Z [31merror[39m: Error while login 
[94mIP: ::1[39m > 2024-01-02T04:45:03.702Z [31merror[39m: Error while login 
 > 2024-01-02T04:45:22.345Z [31merror[39m: [object Object] 
[94mIP: ::1[39m > 2024-01-02T04:47:16.572Z [31merror[39m: Error while login 
 > 2024-01-02T04:47:23.529Z [31merror[39m: [object Object] 
[94mIP: ::1[39m > 2024-01-02T04:48:59.003Z [31merror[39m: Error while login 
[94mIP: ::1[39m > 2024-01-02T04:50:07.271Z [31merror[39m: Error while login 
[94mIP: ::1[39m > 2024-01-02T04:50:44.998Z [31merror[39m: Error while login 
[94mIP: ::1[39m > 2024-01-02T04:50:48.009Z [31merror[39m: Server error >> Error: Invalid user credentials
[94mIP: ::1[39m > 2024-01-02T04:52:09.554Z [31merror[39m: Error while login 
[94mIP: ::1[39m > 2024-01-02T04:52:11.353Z [31merror[39m: Server error >> {"statusCode":400,"errors":[],"data":null,"success":false}
[94mIP: ::1[39m > 2024-01-02T04:52:54.155Z [31merror[39m: Error while login 
[94mIP: ::1[39m > 2024-01-02T04:52:56.129Z [31merror[39m: Server error >> {"statusCode":400,"errors":[],"data":null,"success":false}
[94mIP: ::1[39m > 2024-01-02T04:57:09.922Z [31merror[39m: Error while login 
[94mIP: ::1[39m > 2024-01-02T04:57:11.290Z [31merror[39m: Server error >> {"statusCode":400,"errors":[],"data":null,"success":false}
[94mIP: ::1[39m > 2024-01-02T05:02:12.554Z [31merror[39m: Error while login 
[94mIP: ::1[39m > 2024-01-02T05:02:14.082Z [31merror[39m: Invalid user credentials >> {"statusCode":400,"errors":[],"data":null,"success":false}
[94mIP: ::1[39m > 2024-01-02T05:08:31.316Z [31merror[39m: Error while login 
[94mIP: ::1[39m > 2024-01-02T05:21:33.523Z [31merror[39m: Error while login 
[94mIP: ::1[39m > 2024-01-02T05:21:35.999Z [31merror[39m: Invalid user credentials >> {"statusCode":400,"errors":[],"data":null,"success":false,"message":"Invalid user credentials","stack":"Error: Invalid user credentials\n    at AuthService.<anonymous> (/Users/abdulkarim/boiler-plate/src/modules/Auth/service/auth.service.ts:115:15)\n    at Generator.next (<anonymous>)\n    at fulfilled (/Users/abdulkarim/boiler-plate/src/modules/Auth/service/auth.service.ts:5:58)"}
[94mIP: ::1[39m > 2024-01-02T06:45:17.819Z [31merror[39m: Bad request >> {"statusCode":401,"errors":[],"data":null,"success":false,"message":"Bad request","stack":"Error: Bad request\n    at Object.<anonymous> (/Users/abdulkarim/boiler-plate/src/middlewares/auth.middleware.ts:29:13)\n    at Generator.next (<anonymous>)\n    at /Users/abdulkarim/boiler-plate/src/middlewares/auth.middleware.ts:8:71\n    at new Promise (<anonymous>)\n    at __awaiter (/Users/abdulkarim/boiler-plate/src/middlewares/auth.middleware.ts:4:12)\n    at Object.authMiddleWare (/Users/abdulkarim/boiler-plate/src/middlewares/auth.middleware.ts:17:12)\n    at hookIterator (/Users/abdulkarim/boiler-plate/node_modules/fastify/lib/hooks.js:409:10)\n    at next (/Users/abdulkarim/boiler-plate/node_modules/fastify/lib/hooks.js:243:18)\n    at handleResolve (/Users/abdulkarim/boiler-plate/node_modules/fastify/lib/hooks.js:254:7)\n    at processTicksAndRejections (node:internal/process/task_queues:95:5)"}
[94mIP: ::1[39m > 2024-01-02T06:45:41.441Z [31merror[39m: Error while getting a new access token by refresh token 
[94mIP: ::1[39m > 2024-01-02T06:45:41.445Z [31merror[39m: Unauthorized request >> {"statusCode":400,"errors":[],"data":null,"success":false,"message":"Unauthorized request","stack":"Error: Unauthorized request\n    at AuthService.<anonymous> (/Users/abdulkarim/boiler-plate/src/modules/Auth/service/auth.service.ts:154:15)\n    at Generator.next (<anonymous>)\n    at /Users/abdulkarim/boiler-plate/src/modules/Auth/service/auth.service.ts:8:71\n    at new Promise (<anonymous>)\n    at __awaiter (/Users/abdulkarim/boiler-plate/src/modules/Auth/service/auth.service.ts:4:12)\n    at AuthService.refreshToken (/Users/abdulkarim/boiler-plate/src/modules/Auth/service/auth.service.ts:152:16)\n    at AuthController.<anonymous> (/Users/abdulkarim/boiler-plate/src/modules/Auth/controllers/auth.controller.ts:92:48)\n    at Generator.next (<anonymous>)\n    at /Users/abdulkarim/boiler-plate/src/modules/Auth/controllers/auth.controller.ts:8:71\n    at new Promise (<anonymous>)"}
[94mIP: ::1[39m > 2024-01-02T06:46:11.906Z [31merror[39m: Error while login 
[94mIP: ::1[39m > 2024-01-02T06:46:11.908Z [31merror[39m: Invalid user credentials >> {"statusCode":400,"errors":[],"data":null,"success":false,"message":"Invalid user credentials","stack":"Error: Invalid user credentials\n    at AuthService.<anonymous> (/Users/abdulkarim/boiler-plate/src/modules/Auth/service/auth.service.ts:121:15)\n    at Generator.next (<anonymous>)\n    at fulfilled (/Users/abdulkarim/boiler-plate/src/modules/Auth/service/auth.service.ts:5:58)"}
[94mIP: ::1[39m > 2024-01-02T07:16:36.146Z [31merror[39m: Cannot read properties of undefined (reading 'uniqueId') >> {"statusCode":500,"errors":[],"data":null,"success":false,"message":"Cannot read properties of undefined (reading 'uniqueId')","stack":"TypeError: Cannot read properties of undefined (reading 'uniqueId')\n    at Object.<anonymous> (/Users/abdulkarim/boiler-plate/src/middlewares/auth.middleware.ts:27:27)\n    at Generator.next (<anonymous>)\n    at /Users/abdulkarim/boiler-plate/src/middlewares/auth.middleware.ts:8:71\n    at new Promise (<anonymous>)\n    at __awaiter (/Users/abdulkarim/boiler-plate/src/middlewares/auth.middleware.ts:4:12)\n    at Object.authMiddleWare (/Users/abdulkarim/boiler-plate/src/middlewares/auth.middleware.ts:16:12)\n    at hookIterator (/Users/abdulkarim/boiler-plate/node_modules/fastify/lib/hooks.js:409:10)\n    at next (/Users/abdulkarim/boiler-plate/node_modules/fastify/lib/hooks.js:243:18)\n    at handleResolve (/Users/abdulkarim/boiler-plate/node_modules/fastify/lib/hooks.js:254:7)\n    at processTicksAndRejections (node:internal/process/task_queues:95:5)"}
[94mIP: ::1[39m > 2024-01-02T07:17:35.096Z [31merror[39m: Cannot read properties of undefined (reading 'uniqueId') >> {"statusCode":500,"errors":[],"data":null,"success":false,"message":"Cannot read properties of undefined (reading 'uniqueId')","stack":"TypeError: Cannot read properties of undefined (reading 'uniqueId')\n    at Object.<anonymous> (/Users/abdulkarim/boiler-plate/src/middlewares/auth.middleware.ts:27:27)\n    at Generator.next (<anonymous>)\n    at /Users/abdulkarim/boiler-plate/src/middlewares/auth.middleware.ts:8:71\n    at new Promise (<anonymous>)\n    at __awaiter (/Users/abdulkarim/boiler-plate/src/middlewares/auth.middleware.ts:4:12)\n    at Object.authMiddleWare (/Users/abdulkarim/boiler-plate/src/middlewares/auth.middleware.ts:16:12)\n    at hookIterator (/Users/abdulkarim/boiler-plate/node_modules/fastify/lib/hooks.js:409:10)\n    at next (/Users/abdulkarim/boiler-plate/node_modules/fastify/lib/hooks.js:243:18)\n    at handleResolve (/Users/abdulkarim/boiler-plate/node_modules/fastify/lib/hooks.js:254:7)\n    at processTicksAndRejections (node:internal/process/task_queues:95:5)"}
[94mIP: ::1[39m > 2024-01-02T07:17:39.968Z [31merror[39m: Cannot read properties of undefined (reading 'uniqueId') >> {"statusCode":500,"errors":[],"data":null,"success":false,"message":"Cannot read properties of undefined (reading 'uniqueId')","stack":"TypeError: Cannot read properties of undefined (reading 'uniqueId')\n    at Object.<anonymous> (/Users/abdulkarim/boiler-plate/src/middlewares/auth.middleware.ts:27:27)\n    at Generator.next (<anonymous>)\n    at /Users/abdulkarim/boiler-plate/src/middlewares/auth.middleware.ts:8:71\n    at new Promise (<anonymous>)\n    at __awaiter (/Users/abdulkarim/boiler-plate/src/middlewares/auth.middleware.ts:4:12)\n    at Object.authMiddleWare (/Users/abdulkarim/boiler-plate/src/middlewares/auth.middleware.ts:16:12)\n    at hookIterator (/Users/abdulkarim/boiler-plate/node_modules/fastify/lib/hooks.js:409:10)\n    at next (/Users/abdulkarim/boiler-plate/node_modules/fastify/lib/hooks.js:243:18)\n    at handleResolve (/Users/abdulkarim/boiler-plate/node_modules/fastify/lib/hooks.js:254:7)\n    at processTicksAndRejections (node:internal/process/task_queues:95:5)"}
[94mIP: ::1[39m > 2024-01-02T07:20:23.852Z [31merror[39m: Error while logout 
[94mIP: ::1[39m > 2024-01-02T07:20:23.863Z [31merror[39m: Cannot read properties of undefined (reading '_id') >> {"statusCode":500,"errors":[],"data":null,"success":false,"message":"Cannot read properties of undefined (reading '_id')","stack":"TypeError: Cannot read properties of undefined (reading '_id')\n    at AuthController.<anonymous> (/Users/abdulkarim/boiler-plate/src/modules/Auth/controllers/auth.controller.ts:120:43)\n    at Generator.next (<anonymous>)\n    at /Users/abdulkarim/boiler-plate/src/modules/Auth/controllers/auth.controller.ts:8:71\n    at new Promise (<anonymous>)\n    at __awaiter (/Users/abdulkarim/boiler-plate/src/modules/Auth/controllers/auth.controller.ts:4:12)\n    at /Users/abdulkarim/boiler-plate/src/modules/Auth/controllers/auth.controller.ts:118:56\n    at /Users/abdulkarim/boiler-plate/src/utils/async-handler.ts:21:13\n    at Generator.next (<anonymous>)\n    at /Users/abdulkarim/boiler-plate/src/utils/async-handler.ts:8:71\n    at new Promise (<anonymous>)"}
[94mIP: ::1[39m > 2024-01-02T07:20:58.209Z [31merror[39m: Error while logout 
[94mIP: ::1[39m > 2024-01-02T07:20:58.212Z [31merror[39m: Cannot read properties of undefined (reading '_id') >> {"statusCode":500,"errors":[],"data":null,"success":false,"message":"Cannot read properties of undefined (reading '_id')","stack":"TypeError: Cannot read properties of undefined (reading '_id')\n    at AuthController.<anonymous> (/Users/abdulkarim/boiler-plate/src/modules/Auth/controllers/auth.controller.ts:120:43)\n    at Generator.next (<anonymous>)\n    at /Users/abdulkarim/boiler-plate/src/modules/Auth/controllers/auth.controller.ts:8:71\n    at new Promise (<anonymous>)\n    at __awaiter (/Users/abdulkarim/boiler-plate/src/modules/Auth/controllers/auth.controller.ts:4:12)\n    at /Users/abdulkarim/boiler-plate/src/modules/Auth/controllers/auth.controller.ts:118:56\n    at /Users/abdulkarim/boiler-plate/src/utils/async-handler.ts:21:13\n    at Generator.next (<anonymous>)\n    at /Users/abdulkarim/boiler-plate/src/utils/async-handler.ts:8:71\n    at new Promise (<anonymous>)"}
[94mIP: ::1[39m > 2024-01-02T07:21:47.023Z [31merror[39m: Error while logout 
[94mIP: ::1[39m > 2024-01-02T07:21:47.025Z [31merror[39m: Cannot read properties of undefined (reading '_id') >> {"statusCode":500,"errors":[],"data":null,"success":false,"message":"Cannot read properties of undefined (reading '_id')","stack":"TypeError: Cannot read properties of undefined (reading '_id')\n    at AuthController.<anonymous> (/Users/abdulkarim/boiler-plate/src/modules/Auth/controllers/auth.controller.ts:120:43)\n    at Generator.next (<anonymous>)\n    at /Users/abdulkarim/boiler-plate/src/modules/Auth/controllers/auth.controller.ts:8:71\n    at new Promise (<anonymous>)\n    at __awaiter (/Users/abdulkarim/boiler-plate/src/modules/Auth/controllers/auth.controller.ts:4:12)\n    at /Users/abdulkarim/boiler-plate/src/modules/Auth/controllers/auth.controller.ts:118:56\n    at /Users/abdulkarim/boiler-plate/src/utils/async-handler.ts:21:13\n    at Generator.next (<anonymous>)\n    at /Users/abdulkarim/boiler-plate/src/utils/async-handler.ts:8:71\n    at new Promise (<anonymous>)"}
[94mIP: ::1[39m > 2024-01-02T07:22:00.544Z [31merror[39m: Error while logout 
[94mIP: ::1[39m > 2024-01-02T07:22:00.552Z [31merror[39m: Cannot read properties of undefined (reading '_id') >> {"statusCode":500,"errors":[],"data":null,"success":false,"message":"Cannot read properties of undefined (reading '_id')","stack":"TypeError: Cannot read properties of undefined (reading '_id')\n    at AuthController.<anonymous> (/Users/abdulkarim/boiler-plate/src/modules/Auth/controllers/auth.controller.ts:120:43)\n    at Generator.next (<anonymous>)\n    at /Users/abdulkarim/boiler-plate/src/modules/Auth/controllers/auth.controller.ts:8:71\n    at new Promise (<anonymous>)\n    at __awaiter (/Users/abdulkarim/boiler-plate/src/modules/Auth/controllers/auth.controller.ts:4:12)\n    at /Users/abdulkarim/boiler-plate/src/modules/Auth/controllers/auth.controller.ts:118:56\n    at /Users/abdulkarim/boiler-plate/src/utils/async-handler.ts:21:13\n    at Generator.next (<anonymous>)\n    at /Users/abdulkarim/boiler-plate/src/utils/async-handler.ts:8:71\n    at new Promise (<anonymous>)"}
